<?xml version="1.0" encoding="UTF-8"?>
<testng-results ignored="0" total="7" passed="7" failed="0" skipped="0">
  <reporter-output>
  </reporter-output>
  <suite started-at="2024-03-01T11:57:11 IST" name="CucumberBDDTestNGProject" finished-at="2024-03-01T11:59:44 IST" duration-ms="153050">
    <groups>
      <group name="cucumber">
        <method signature="AbstractTestNGCucumberTests.runScenario(io.cucumber.testng.PickleWrapper,io.cucumber.testng.FeatureWrapper)[pri:0, instance:testRunner.MyTestRunner@515c6049]" name="runScenario" class="io.cucumber.testng.AbstractTestNGCucumberTests"/>
      </group> <!-- cucumber -->
    </groups>
    <test started-at="2024-03-01T11:57:11 IST" name="Cucmber-Test" finished-at="2024-03-01T11:59:44 IST" duration-ms="153050">
      <class name="testRunner.MyTestRunner">
        <test-method is-config="true" signature="setUpClass(org.testng.ITestContext)[pri:0, instance:testRunner.MyTestRunner@515c6049]" started-at="2024-03-01T11:57:11 IST" name="setUpClass" finished-at="2024-03-01T11:57:12 IST" duration-ms="349" status="PASS">
          <params>
            <param index="0">
              <value>
                <![CDATA[org.testng.TestRunner@2dd178f3]]>
              </value>
            </param>
          </params>
          <reporter-output>
          </reporter-output>
        </test-method> <!-- setUpClass -->
        <test-method signature="runScenario(io.cucumber.testng.PickleWrapper,io.cucumber.testng.FeatureWrapper)[pri:0, instance:testRunner.MyTestRunner@515c6049]" started-at="2024-03-01T11:57:12 IST" name="runScenario" description="Runs Cucumber Scenarios" data-provider="scenarios" finished-at="2024-03-01T11:57:24 IST" duration-ms="11975" status="PASS">
          <params>
            <param index="0">
              <value>
                <![CDATA["Validate Login Page title"]]>
              </value>
            </param>
            <param index="1">
              <value>
                <![CDATA["Login Page Test"]]>
              </value>
            </param>
          </params>
          <reporter-output>
          </reporter-output>
        </test-method> <!-- runScenario -->
        <test-method signature="runScenario(io.cucumber.testng.PickleWrapper,io.cucumber.testng.FeatureWrapper)[pri:0, instance:testRunner.MyTestRunner@515c6049]" started-at="2024-03-01T11:57:24 IST" name="runScenario" description="Runs Cucumber Scenarios" data-provider="scenarios" finished-at="2024-03-01T11:57:34 IST" duration-ms="10710" status="PASS">
          <params>
            <param index="0">
              <value>
                <![CDATA["Validate forgot password link"]]>
              </value>
            </param>
            <param index="1">
              <value>
                <![CDATA["Login Page Test"]]>
              </value>
            </param>
          </params>
          <reporter-output>
          </reporter-output>
        </test-method> <!-- runScenario -->
        <test-method signature="runScenario(io.cucumber.testng.PickleWrapper,io.cucumber.testng.FeatureWrapper)[pri:0, instance:testRunner.MyTestRunner@515c6049]" started-at="2024-03-01T11:57:34 IST" name="runScenario" description="Runs Cucumber Scenarios" data-provider="scenarios" finished-at="2024-03-01T11:57:51 IST" duration-ms="16320" status="PASS">
          <params>
            <param index="0">
              <value>
                <![CDATA["Login with Correct Credentials"]]>
              </value>
            </param>
            <param index="1">
              <value>
                <![CDATA["Login Page Test"]]>
              </value>
            </param>
          </params>
          <reporter-output>
          </reporter-output>
        </test-method> <!-- runScenario -->
        <test-method signature="runScenario(io.cucumber.testng.PickleWrapper,io.cucumber.testng.FeatureWrapper)[pri:0, instance:testRunner.MyTestRunner@515c6049]" started-at="2024-03-01T11:57:51 IST" name="runScenario" description="Runs Cucumber Scenarios" data-provider="scenarios" finished-at="2024-03-01T11:58:23 IST" duration-ms="32201" status="PASS">
          <params>
            <param index="0">
              <value>
                <![CDATA["Validate Request doc page title"]]>
              </value>
            </param>
            <param index="1">
              <value>
                <![CDATA["Test Request Document Page Functionlity"]]>
              </value>
            </param>
          </params>
          <reporter-output>
          </reporter-output>
        </test-method> <!-- runScenario -->
        <test-method signature="runScenario(io.cucumber.testng.PickleWrapper,io.cucumber.testng.FeatureWrapper)[pri:0, instance:testRunner.MyTestRunner@515c6049]" started-at="2024-03-01T11:58:23 IST" name="runScenario" description="Runs Cucumber Scenarios" data-provider="scenarios" finished-at="2024-03-01T11:58:57 IST" duration-ms="34042" status="PASS">
          <params>
            <param index="0">
              <value>
                <![CDATA["vaildate different tiles on request doc page"]]>
              </value>
            </param>
            <param index="1">
              <value>
                <![CDATA["Test Request Document Page Functionlity"]]>
              </value>
            </param>
          </params>
          <reporter-output>
          </reporter-output>
        </test-method> <!-- runScenario -->
        <test-method signature="runScenario(io.cucumber.testng.PickleWrapper,io.cucumber.testng.FeatureWrapper)[pri:0, instance:testRunner.MyTestRunner@515c6049]" started-at="2024-03-01T11:58:57 IST" name="runScenario" description="Runs Cucumber Scenarios" data-provider="scenarios" finished-at="2024-03-01T11:59:19 IST" duration-ms="21999" status="PASS">
          <params>
            <param index="0">
              <value>
                <![CDATA["Validate Vault Page Title"]]>
              </value>
            </param>
            <param index="1">
              <value>
                <![CDATA["Test Vault Page Functionality"]]>
              </value>
            </param>
          </params>
          <reporter-output>
          </reporter-output>
        </test-method> <!-- runScenario -->
        <test-method signature="runScenario(io.cucumber.testng.PickleWrapper,io.cucumber.testng.FeatureWrapper)[pri:0, instance:testRunner.MyTestRunner@515c6049]" started-at="2024-03-01T11:59:19 IST" name="runScenario" description="Runs Cucumber Scenarios" data-provider="scenarios" finished-at="2024-03-01T11:59:44 IST" duration-ms="25379" status="PASS">
          <params>
            <param index="0">
              <value>
                <![CDATA["Validate Request Documnent Btn"]]>
              </value>
            </param>
            <param index="1">
              <value>
                <![CDATA["Test Vault Page Functionality"]]>
              </value>
            </param>
          </params>
          <reporter-output>
          </reporter-output>
        </test-method> <!-- runScenario -->
        <test-method is-config="true" signature="tearDownClass()[pri:0, instance:testRunner.MyTestRunner@515c6049]" started-at="2024-03-01T11:59:44 IST" name="tearDownClass" finished-at="2024-03-01T11:59:44 IST" duration-ms="40" status="PASS">
          <reporter-output>
          </reporter-output>
        </test-method> <!-- tearDownClass -->
      </class> <!-- testRunner.MyTestRunner -->
    </test> <!-- Cucmber-Test -->
  </suite> <!-- CucumberBDDTestNGProject -->
</testng-results>
