<?xml version="1.0" encoding="UTF-8"?>
<testng-results ignored="0" total="3" passed="3" failed="0" skipped="0">
  <reporter-output>
  </reporter-output>
  <suite started-at="2023-11-27T18:40:39 IST" name="CucumberBDDTestNGProject" finished-at="2023-11-27T18:40:54 IST" duration-ms="14803">
    <groups>
      <group name="cucumber">
        <method signature="AbstractTestNGCucumberTests.runScenario(io.cucumber.testng.PickleWrapper,io.cucumber.testng.FeatureWrapper)[pri:0, instance:testRunner.MyTestRunner@397fbdb]" name="runScenario" class="io.cucumber.testng.AbstractTestNGCucumberTests"/>
      </group> <!-- cucumber -->
    </groups>
    <test started-at="2023-11-27T18:40:39 IST" name="Cucmber-Test" finished-at="2023-11-27T18:40:54 IST" duration-ms="14803">
      <class name="testRunner.MyTestRunner">
        <test-method is-config="true" signature="setUpClass(org.testng.ITestContext)[pri:0, instance:testRunner.MyTestRunner@397fbdb]" started-at="2023-11-27T18:40:39 IST" name="setUpClass" finished-at="2023-11-27T18:40:40 IST" duration-ms="433" status="PASS">
          <params>
            <param index="0">
              <value>
                <![CDATA[org.testng.TestRunner@366647c2]]>
              </value>
            </param>
          </params>
          <reporter-output>
          </reporter-output>
        </test-method> <!-- setUpClass -->
        <test-method signature="runScenario(io.cucumber.testng.PickleWrapper,io.cucumber.testng.FeatureWrapper)[pri:0, instance:testRunner.MyTestRunner@397fbdb]" started-at="2023-11-27T18:40:40 IST" name="runScenario" description="Runs Cucumber Scenarios" data-provider="scenarios" finished-at="2023-11-27T18:40:54 IST" duration-ms="13930" status="PASS">
          <params>
            <param index="0">
              <value>
                <![CDATA["Validate Login Page title"]]>
              </value>
            </param>
            <param index="1">
              <value>
                <![CDATA["Login Page Test"]]>
              </value>
            </param>
          </params>
          <reporter-output>
          </reporter-output>
        </test-method> <!-- runScenario -->
        <test-method signature="runScenario(io.cucumber.testng.PickleWrapper,io.cucumber.testng.FeatureWrapper)[pri:0, instance:testRunner.MyTestRunner@397fbdb]" started-at="2023-11-27T18:40:40 IST" name="runScenario" description="Runs Cucumber Scenarios" data-provider="scenarios" finished-at="2023-11-27T18:40:54 IST" duration-ms="14099" status="PASS">
          <params>
            <param index="0">
              <value>
                <![CDATA["Validate forgot password link"]]>
              </value>
            </param>
            <param index="1">
              <value>
                <![CDATA["Login Page Test"]]>
              </value>
            </param>
          </params>
          <reporter-output>
          </reporter-output>
        </test-method> <!-- runScenario -->
        <test-method signature="runScenario(io.cucumber.testng.PickleWrapper,io.cucumber.testng.FeatureWrapper)[pri:0, instance:testRunner.MyTestRunner@397fbdb]" started-at="2023-11-27T18:40:40 IST" name="runScenario" description="Runs Cucumber Scenarios" data-provider="scenarios" finished-at="2023-11-27T18:40:54 IST" duration-ms="14287" status="PASS">
          <params>
            <param index="0">
              <value>
                <![CDATA["Login with Correct Credentials"]]>
              </value>
            </param>
            <param index="1">
              <value>
                <![CDATA["Login Page Test"]]>
              </value>
            </param>
          </params>
          <reporter-output>
          </reporter-output>
        </test-method> <!-- runScenario -->
        <test-method is-config="true" signature="tearDownClass()[pri:0, instance:testRunner.MyTestRunner@397fbdb]" started-at="2023-11-27T18:40:54 IST" name="tearDownClass" finished-at="2023-11-27T18:40:54 IST" duration-ms="49" status="PASS">
          <reporter-output>
          </reporter-output>
        </test-method> <!-- tearDownClass -->
      </class> <!-- testRunner.MyTestRunner -->
    </test> <!-- Cucmber-Test -->
  </suite> <!-- CucumberBDDTestNGProject -->
</testng-results>
