<?xml version="1.0" encoding="UTF-8"?>
<testng-results ignored="0" total="7" passed="7" failed="0" skipped="0">
  <reporter-output>
  </reporter-output>
  <suite started-at="2024-03-05T13:04:07 IST" name="CucumberBDDTestNGProject" finished-at="2024-03-05T13:06:15 IST" duration-ms="128351">
    <groups>
      <group name="cucumber">
        <method signature="AbstractTestNGCucumberTests.runScenario(io.cucumber.testng.PickleWrapper,io.cucumber.testng.FeatureWrapper)[pri:0, instance:testRunner.MyTestRunner@4b2bac3f]" name="runScenario" class="io.cucumber.testng.AbstractTestNGCucumberTests"/>
      </group> <!-- cucumber -->
    </groups>
    <test started-at="2024-03-05T13:04:07 IST" name="Cucmber-Test" finished-at="2024-03-05T13:06:15 IST" duration-ms="128351">
      <class name="testRunner.MyTestRunner">
        <test-method is-config="true" signature="setUpClass(org.testng.ITestContext)[pri:0, instance:testRunner.MyTestRunner@4b2bac3f]" started-at="2024-03-05T13:04:07 IST" name="setUpClass" finished-at="2024-03-05T13:04:07 IST" duration-ms="395" status="PASS">
          <params>
            <param index="0">
              <value>
                <![CDATA[org.testng.TestRunner@1a4083f6]]>
              </value>
            </param>
          </params>
          <reporter-output>
          </reporter-output>
        </test-method> <!-- setUpClass -->
        <test-method signature="runScenario(io.cucumber.testng.PickleWrapper,io.cucumber.testng.FeatureWrapper)[pri:0, instance:testRunner.MyTestRunner@4b2bac3f]" started-at="2024-03-05T13:04:07 IST" name="runScenario" description="Runs Cucumber Scenarios" data-provider="scenarios" finished-at="2024-03-05T13:04:17 IST" duration-ms="9632" status="PASS">
          <params>
            <param index="0">
              <value>
                <![CDATA["Validate Login Page title"]]>
              </value>
            </param>
            <param index="1">
              <value>
                <![CDATA["Login Page Test"]]>
              </value>
            </param>
          </params>
          <reporter-output>
          </reporter-output>
        </test-method> <!-- runScenario -->
        <test-method signature="runScenario(io.cucumber.testng.PickleWrapper,io.cucumber.testng.FeatureWrapper)[pri:0, instance:testRunner.MyTestRunner@4b2bac3f]" started-at="2024-03-05T13:04:17 IST" name="runScenario" description="Runs Cucumber Scenarios" data-provider="scenarios" finished-at="2024-03-05T13:04:25 IST" duration-ms="8566" status="PASS">
          <params>
            <param index="0">
              <value>
                <![CDATA["Validate forgot password link"]]>
              </value>
            </param>
            <param index="1">
              <value>
                <![CDATA["Login Page Test"]]>
              </value>
            </param>
          </params>
          <reporter-output>
          </reporter-output>
        </test-method> <!-- runScenario -->
        <test-method signature="runScenario(io.cucumber.testng.PickleWrapper,io.cucumber.testng.FeatureWrapper)[pri:0, instance:testRunner.MyTestRunner@4b2bac3f]" started-at="2024-03-05T13:04:25 IST" name="runScenario" description="Runs Cucumber Scenarios" data-provider="scenarios" finished-at="2024-03-05T13:04:39 IST" duration-ms="13692" status="PASS">
          <params>
            <param index="0">
              <value>
                <![CDATA["Login with Correct Credentials"]]>
              </value>
            </param>
            <param index="1">
              <value>
                <![CDATA["Login Page Test"]]>
              </value>
            </param>
          </params>
          <reporter-output>
          </reporter-output>
        </test-method> <!-- runScenario -->
        <test-method signature="runScenario(io.cucumber.testng.PickleWrapper,io.cucumber.testng.FeatureWrapper)[pri:0, instance:testRunner.MyTestRunner@4b2bac3f]" started-at="2024-03-05T13:04:39 IST" name="runScenario" description="Runs Cucumber Scenarios" data-provider="scenarios" finished-at="2024-03-05T13:05:09 IST" duration-ms="29914" status="PASS">
          <params>
            <param index="0">
              <value>
                <![CDATA["Validate Request doc page title"]]>
              </value>
            </param>
            <param index="1">
              <value>
                <![CDATA["Test Request Document Page Functionlity"]]>
              </value>
            </param>
          </params>
          <reporter-output>
          </reporter-output>
        </test-method> <!-- runScenario -->
        <test-method signature="runScenario(io.cucumber.testng.PickleWrapper,io.cucumber.testng.FeatureWrapper)[pri:0, instance:testRunner.MyTestRunner@4b2bac3f]" started-at="2024-03-05T13:05:09 IST" name="runScenario" description="Runs Cucumber Scenarios" data-provider="scenarios" finished-at="2024-03-05T13:05:38 IST" duration-ms="28882" status="PASS">
          <params>
            <param index="0">
              <value>
                <![CDATA["vaildate different tiles on request doc page"]]>
              </value>
            </param>
            <param index="1">
              <value>
                <![CDATA["Test Request Document Page Functionlity"]]>
              </value>
            </param>
          </params>
          <reporter-output>
          </reporter-output>
        </test-method> <!-- runScenario -->
        <test-method signature="runScenario(io.cucumber.testng.PickleWrapper,io.cucumber.testng.FeatureWrapper)[pri:0, instance:testRunner.MyTestRunner@4b2bac3f]" started-at="2024-03-05T13:05:38 IST" name="runScenario" description="Runs Cucumber Scenarios" data-provider="scenarios" finished-at="2024-03-05T13:05:56 IST" duration-ms="18446" status="PASS">
          <params>
            <param index="0">
              <value>
                <![CDATA["Validate Vault Page Title"]]>
              </value>
            </param>
            <param index="1">
              <value>
                <![CDATA["Test Vault Page Functionality"]]>
              </value>
            </param>
          </params>
          <reporter-output>
          </reporter-output>
        </test-method> <!-- runScenario -->
        <test-method signature="runScenario(io.cucumber.testng.PickleWrapper,io.cucumber.testng.FeatureWrapper)[pri:0, instance:testRunner.MyTestRunner@4b2bac3f]" started-at="2024-03-05T13:05:56 IST" name="runScenario" description="Runs Cucumber Scenarios" data-provider="scenarios" finished-at="2024-03-05T13:06:15 IST" duration-ms="18752" status="PASS">
          <params>
            <param index="0">
              <value>
                <![CDATA["Validate Request Documnent Btn"]]>
              </value>
            </param>
            <param index="1">
              <value>
                <![CDATA["Test Vault Page Functionality"]]>
              </value>
            </param>
          </params>
          <reporter-output>
          </reporter-output>
        </test-method> <!-- runScenario -->
        <test-method is-config="true" signature="tearDownClass()[pri:0, instance:testRunner.MyTestRunner@4b2bac3f]" started-at="2024-03-05T13:06:15 IST" name="tearDownClass" finished-at="2024-03-05T13:06:15 IST" duration-ms="37" status="PASS">
          <reporter-output>
          </reporter-output>
        </test-method> <!-- tearDownClass -->
      </class> <!-- testRunner.MyTestRunner -->
    </test> <!-- Cucmber-Test -->
  </suite> <!-- CucumberBDDTestNGProject -->
</testng-results>
